[debug] [2017-08-09T14:44:12.579Z] ----------------------------------------------------------------------
[debug] [2017-08-09T14:44:12.581Z] Command:       /Users/alexmin/.nvm/versions/node/v8.0.0/bin/node /Users/alexmin/.nvm/versions/node/v8.0.0/bin/firebase deploy
[debug] [2017-08-09T14:44:12.581Z] CLI Version:   3.9.2
[debug] [2017-08-09T14:44:12.581Z] Platform:      darwin
[debug] [2017-08-09T14:44:12.581Z] Node Version:  v8.0.0
[debug] [2017-08-09T14:44:12.582Z] Time:          Wed Aug 09 2017 22:44:12 GMT+0800 (+08)
[debug] [2017-08-09T14:44:12.582Z] ----------------------------------------------------------------------
[debug] 
[debug] [2017-08-09T14:44:12.594Z] > command requires scopes: ["email","openid","https://www.googleapis.com/auth/cloudplatformprojects.readonly","https://www.googleapis.com/auth/firebase","https://www.googleapis.com/auth/cloud-platform"]
[debug] [2017-08-09T14:44:12.594Z] > authorizing via signed-in user
[debug] [2017-08-09T14:44:12.596Z] > refreshing access token with scopes: ["email","https://www.googleapis.com/auth/cloud-platform","https://www.googleapis.com/auth/cloudplatformprojects.readonly","https://www.googleapis.com/auth/firebase","openid"]
[debug] [2017-08-09T14:44:12.596Z] >>> HTTP REQUEST POST https://www.googleapis.com/oauth2/v3/token { refresh_token: '1/pyFDsxbM4SaosuLF_ZU2yj12D2Cy1YMRogtS4tF1kq_z7q6WRi41x2VG1NBsAJmA',
  client_id: '563584335869-fgrhgmd47bqnekij5i8b5pr03ho849e6.apps.googleusercontent.com',
  client_secret: 'j9iVZfS8kkCEFUPaAeJV0sAi',
  grant_type: 'refresh_token',
  scope: 'email https://www.googleapis.com/auth/cloud-platform https://www.googleapis.com/auth/cloudplatformprojects.readonly https://www.googleapis.com/auth/firebase openid' } 
 Wed Aug 09 2017 22:44:12 GMT+0800 (+08)
[debug] [2017-08-09T14:44:12.749Z] <<< HTTP RESPONSE 200
[debug] [2017-08-09T14:44:12.767Z] >>> HTTP REQUEST GET https://admin.firebase.com/v1/projects/myweb-6c5d2  
 Wed Aug 09 2017 22:44:12 GMT+0800 (+08)
